<?xml version="1.0" encoding="UTF-8"?>
<!-- Generated by org.testng.reporters.JUnitXMLReporter -->
<testsuite hostname="FI-VDI-C0000018" name="Default test" tests="18" failures="0" timestamp="12 Jun 2017 09:02:01 GMT" time="20.912" errors="0">
  <testcase name="testLogin" time="4.829" classname="testCases.TC001_BorlandHybridTest"/>
  <testcase name="testLogin" time="0.842" classname="testCases.TC001_BorlandHybridTest"/>
  <testcase name="testLogin" time="1.487" classname="testCases.TC001_BorlandHybridTest"/>
  <testcase name="testLogin" time="0.159" classname="testCases.TC001_BorlandHybridTest"/>
  <testcase name="testLogin" time="0.131" classname="testCases.TC001_BorlandHybridTest"/>
  <testcase name="testLogin" time="0.138" classname="testCases.TC001_BorlandHybridTest"/>
  <testcase name="testLogin" time="0.192" classname="testCases.TC001_BorlandHybridTest"/>
  <testcase name="testLogin" time="0.168" classname="testCases.TC001_BorlandHybridTest"/>
  <testcase name="testLogin" time="0.141" classname="testCases.TC001_BorlandHybridTest"/>
  <testcase name="testLogin" time="0.166" classname="testCases.TC001_BorlandHybridTest"/>
  <testcase name="testLogin" time="0.129" classname="testCases.TC001_BorlandHybridTest"/>
  <testcase name="testLogin" time="0.127" classname="testCases.TC001_BorlandHybridTest"/>
  <testcase name="testLogin" time="4.222" classname="testCases.TC001_BorlandHybridTest"/>
  <testcase name="testLogin" time="3.425" classname="testCases.TC001_BorlandHybridTest"/>
  <testcase name="testLogin" time="0.859" classname="testCases.TC001_BorlandHybridTest"/>
  <testcase name="testLogin" time="0.194" classname="testCases.TC001_BorlandHybridTest"/>
  <testcase name="testLogin" time="0.101" classname="testCases.TC001_BorlandHybridTest"/>
  <testcase name="testLogin" time="0.262" classname="testCases.TC001_BorlandHybridTest"/>
</testsuite> <!-- Default test -->
